PhotoRotateModel(
  (model): Sequential(
    (0): ResnetFeatureExtractor(self.pretrained=True, self.fine_tune=False, self.number_blocks=4, self.avgpool=0, self.fc=False)
    (1): LazyConv2d(0, 128, kernel_size=(3, 3), stride=(1, 1), padding=(1, 1))
    (2): ReLU()
    (3): LazyConv2d(0, 128, kernel_size=(3, 3), stride=(1, 1), padding=(1, 1))
    (4): ReLU()
    (5): MaxPool2d(kernel_size=2, stride=2, padding=0, dilation=1, ceil_mode=False)
    (6): Flatten(start_dim=1, end_dim=-1)
    (7): LazyLinear(in_features=0, out_features=128, bias=True)
    (8): Dropout(p=0.2, inplace=False)
    (9): ReLU()
    (10): LazyLinear(in_features=0, out_features=4, bias=True)
    (11): Softmax(dim=1)
  )
)
epoch 0: 0.8881
MulticlassAccuracy: 0.9010659456253052
MulticlassConfusionMatrix: tensor([[2.0260e+03, 3.0000e+00, 1.0800e+02, 1.0000e+00],
        [0.0000e+00, 8.5400e+02, 0.0000e+00, 7.4000e+01],
        [1.8400e+02, 2.0000e+00, 1.8600e+03, 0.0000e+00],
        [2.0000e+00, 2.1700e+02, 3.0000e+00, 6.7000e+02]], device='cuda:0')
epoch 1: 0.8248
MulticlassAccuracy: 0.917388379573822
MulticlassConfusionMatrix: tensor([[2.0460e+03, 2.0000e+00, 9.0000e+01, 0.0000e+00],
        [1.0000e+00, 8.1400e+02, 0.0000e+00, 1.1300e+02],
        [1.4600e+02, 0.0000e+00, 1.8980e+03, 2.0000e+00],
        [3.0000e+00, 1.3700e+02, 2.0000e+00, 7.5000e+02]], device='cuda:0')
epoch 2: 0.8075
MulticlassAccuracy: 0.9205529689788818
MulticlassConfusionMatrix: tensor([[2.0340e+03, 1.0000e+00, 1.0300e+02, 0.0000e+00],
        [2.0000e+00, 8.1300e+02, 0.0000e+00, 1.1300e+02],
        [1.4200e+02, 0.0000e+00, 1.9020e+03, 2.0000e+00],
        [2.0000e+00, 1.1000e+02, 2.0000e+00, 7.7800e+02]], device='cuda:0')
epoch 3: 0.7975
MulticlassAccuracy: 0.9185543060302734
MulticlassConfusionMatrix: tensor([[1956.,    0.,  182.,    0.],
        [   4.,  832.,    5.,   87.],
        [  62.,    0., 1984.,    0.],
        [   3.,  138.,    8.,  743.]], device='cuda:0')
epoch 4: 0.7932
MulticlassAccuracy: 0.9210526347160339
MulticlassConfusionMatrix: tensor([[2.0440e+03, 0.0000e+00, 9.2000e+01, 2.0000e+00],
        [0.0000e+00, 7.4500e+02, 0.0000e+00, 1.8300e+02],
        [1.3400e+02, 0.0000e+00, 1.9090e+03, 3.0000e+00],
        [2.0000e+00, 5.8000e+01, 0.0000e+00, 8.3200e+02]], device='cuda:0')
epoch 5: 0.7858
MulticlassAccuracy: 0.9322118759155273
MulticlassConfusionMatrix: tensor([[2.0560e+03, 0.0000e+00, 8.2000e+01, 0.0000e+00],
        [4.0000e+00, 7.9800e+02, 0.0000e+00, 1.2600e+02],
        [1.1200e+02, 0.0000e+00, 1.9340e+03, 0.0000e+00],
        [2.0000e+00, 7.8000e+01, 3.0000e+00, 8.0900e+02]], device='cuda:0')
epoch 6: 0.7799
MulticlassAccuracy: 0.9310459494590759
MulticlassConfusionMatrix: tensor([[2.0260e+03, 0.0000e+00, 1.1200e+02, 0.0000e+00],
        [1.0000e+00, 8.6900e+02, 1.0000e+00, 5.7000e+01],
        [8.0000e+01, 0.0000e+00, 1.9660e+03, 0.0000e+00],
        [3.0000e+00, 1.5700e+02, 3.0000e+00, 7.2900e+02]], device='cuda:0')
epoch 7: 0.7795
MulticlassAccuracy: 0.9348767399787903
MulticlassConfusionMatrix: tensor([[2.0650e+03, 0.0000e+00, 7.3000e+01, 0.0000e+00],
        [1.0000e+00, 7.9800e+02, 0.0000e+00, 1.2900e+02],
        [1.2600e+02, 0.0000e+00, 1.9200e+03, 0.0000e+00],
        [2.0000e+00, 5.7000e+01, 3.0000e+00, 8.3000e+02]], device='cuda:0')
epoch 8: 0.7756
MulticlassAccuracy: 0.9338774085044861
MulticlassConfusionMatrix: tensor([[2.0250e+03, 1.0000e+00, 1.1200e+02, 0.0000e+00],
        [1.0000e+00, 8.4800e+02, 0.0000e+00, 7.9000e+01],
        [8.4000e+01, 0.0000e+00, 1.9620e+03, 0.0000e+00],
        [2.0000e+00, 1.1800e+02, 0.0000e+00, 7.7200e+02]], device='cuda:0')
epoch 9: 0.7749
MulticlassAccuracy: 0.9303797483444214
MulticlassConfusionMatrix: tensor([[2.0670e+03, 0.0000e+00, 7.1000e+01, 0.0000e+00],
        [1.0000e+00, 8.0000e+02, 0.0000e+00, 1.2700e+02],
        [1.3400e+02, 0.0000e+00, 1.9120e+03, 0.0000e+00],
        [3.0000e+00, 8.2000e+01, 0.0000e+00, 8.0700e+02]], device='cuda:0')
